# JRE version: Java(TM) SE Runtime Environment (8.0_161-b12) (build 1.8.0_161-b12)
# Java VM: Java HotSpot(TM) 64-Bit Server VM (25.161-b12 mixed mode bsd-amd64 compressed oops)
Heap:
 PSYoungGen      total 470016K, used 271326K [0x000000076ab00000, 0x0000000788d00000, 0x00000007c0000000)
  eden space 456192K, 56% used [0x000000076ab00000,0x000000077a6d9a50,0x0000000786880000)
  from space 13824K, 97% used [0x0000000787f80000,0x0000000788c9e0e0,0x0000000788d00000)
  to   space 15360K, 0% used [0x0000000786f00000,0x0000000786f00000,0x0000000787e00000)
 ParOldGen       total 84992K, used 17507K [0x00000006c0000000, 0x00000006c5300000, 0x000000076ab00000)
  object space 84992K, 20% used [0x00000006c0000000,0x00000006c1118ef8,0x00000006c5300000)
 Metaspace       used 26377K, capacity 27956K, committed 28160K, reserved 1073152K
  class space    used 3528K, capacity 3824K, committed 3840K, reserved 1048576K
GC Heap History (10 events):
Event: 3.278 GC heap before
{Heap before GC invocations=5 (full 1):
 PSYoungGen      total 141824K, used 10581K [0x000000076ab00000, 0x0000000774000000, 0x00000007c0000000)
  eden space 131072K, 0% used [0x000000076ab00000,0x000000076ab00000,0x0000000772b00000)
  from space 10752K, 98% used [0x0000000773580000,0x0000000773fd54f0,0x0000000774000000)
  to   space 10752K, 0% used [0x0000000772b00000,0x0000000772b00000,0x0000000773580000)
 ParOldGen       total 175104K, used 8696K [0x00000006c0000000, 0x00000006cab00000, 0x000000076ab00000)
  object space 175104K, 4% used [0x00000006c0000000,0x00000006c087e180,0x00000006cab00000)
 Metaspace       used 21073K, capacity 22188K, committed 22292K, reserved 1069056K
  class space    used 3110K, capacity 3375K, committed 3456K, reserved 1048576K
Event: 3.306 GC heap after
Heap after GC invocations=5 (full 1):
 PSYoungGen      total 141824K, used 0K [0x000000076ab00000, 0x0000000774000000, 0x00000007c0000000)
  eden space 131072K, 0% used [0x000000076ab00000,0x000000076ab00000,0x0000000772b00000)
  from space 10752K, 0% used [0x0000000773580000,0x0000000773580000,0x0000000774000000)
  to   space 10752K, 0% used [0x0000000772b00000,0x0000000772b00000,0x0000000773580000)
 ParOldGen       total 84992K, used 10720K [0x00000006c0000000, 0x00000006c5300000, 0x000000076ab00000)
  object space 84992K, 12% used [0x00000006c0000000,0x00000006c0a783e0,0x00000006c5300000)
 Metaspace       used 21073K, capacity 22188K, committed 22292K, reserved 1069056K
  class space    used 3110K, capacity 3375K, committed 3456K, reserved 1048576K
}
Event: 21.632 GC heap before
{Heap before GC invocations=6 (full 1):
 PSYoungGen      total 141824K, used 131072K [0x000000076ab00000, 0x0000000774000000, 0x00000007c0000000)
  eden space 131072K, 100% used [0x000000076ab00000,0x0000000772b00000,0x0000000772b00000)
  from space 10752K, 0% used [0x0000000773580000,0x0000000773580000,0x0000000774000000)
  to   space 10752K, 0% used [0x0000000772b00000,0x0000000772b00000,0x0000000773580000)
 ParOldGen       total 84992K, used 10720K [0x00000006c0000000, 0x00000006c5300000, 0x000000076ab00000)
  object space 84992K, 12% used [0x00000006c0000000,0x00000006c0a783e0,0x00000006c5300000)
 Metaspace       used 24388K, capacity 25716K, committed 25984K, reserved 1071104K
  class space    used 3354K, capacity 3600K, committed 3712K, reserved 1048576K
Event: 21.641 GC heap after
Heap after GC invocations=6 (full 1):
 PSYoungGen      total 141824K, used 10724K [0x000000076ab00000, 0x000000077bd00000, 0x00000007c0000000)
  eden space 131072K, 0% used [0x000000076ab00000,0x000000076ab00000,0x0000000772b00000)
  from space 10752K, 99% used [0x0000000772b00000,0x00000007735793b8,0x0000000773580000)
  to   space 14336K, 0% used [0x000000077af00000,0x000000077af00000,0x000000077bd00000)
 ParOldGen       total 84992K, used 12717K [0x00000006c0000000, 0x00000006c5300000, 0x000000076ab00000)
  object space 84992K, 14% used [0x00000006c0000000,0x00000006c0c6b6d8,0x00000006c5300000)
 Metaspace       used 24388K, capacity 25716K, committed 25984K, reserved 1071104K
  class space    used 3354K, capacity 3600K, committed 3712K, reserved 1048576K
}
Event: 23.425 GC heap before
{Heap before GC invocations=7 (full 1):
 PSYoungGen      total 141824K, used 141788K [0x000000076ab00000, 0x000000077bd00000, 0x00000007c0000000)
  eden space 131072K, 99% used [0x000000076ab00000,0x0000000772afdfe0,0x0000000772b00000)
  from space 10752K, 99% used [0x0000000772b00000,0x00000007735793b8,0x0000000773580000)
  to   space 14336K, 0% used [0x000000077af00000,0x000000077af00000,0x000000077bd00000)
 ParOldGen       total 84992K, used 12717K [0x00000006c0000000, 0x00000006c5300000, 0x000000076ab00000)
  object space 84992K, 14% used [0x00000006c0000000,0x00000006c0c6b6d8,0x00000006c5300000)
 Metaspace       used 24545K, capacity 25882K, committed 25984K, reserved 1071104K
  class space    used 3369K, capacity 3633K, committed 3712K, reserved 1048576K
Event: 23.431 GC heap after
Heap after GC invocations=7 (full 1):
 PSYoungGen      total 260096K, used 9973K [0x000000076ab00000, 0x000000077ba00000, 0x00000007c0000000)
  eden space 248832K, 0% used [0x000000076ab00000,0x000000076ab00000,0x0000000779e00000)
  from space 11264K, 88% used [0x000000077af00000,0x000000077b8bd690,0x000000077ba00000)
  to   space 14336K, 0% used [0x0000000779e00000,0x0000000779e00000,0x000000077ac00000)
 ParOldGen       total 84992K, used 12725K [0x00000006c0000000, 0x00000006c5300000, 0x000000076ab00000)
  object space 84992K, 14% used [0x00000006c0000000,0x00000006c0c6d6d8,0x00000006c5300000)
 Metaspace       used 24545K, capacity 25882K, committed 25984K, reserved 1071104K
  class space    used 3369K, capacity 3633K, committed 3712K, reserved 1048576K
}
Event: 25.278 GC heap before
{Heap before GC invocations=8 (full 1):
 PSYoungGen      total 260096K, used 258643K [0x000000076ab00000, 0x000000077ba00000, 0x00000007c0000000)
  eden space 248832K, 99% used [0x000000076ab00000,0x0000000779dd77a8,0x0000000779e00000)
  from space 11264K, 88% used [0x000000077af00000,0x000000077b8bd690,0x000000077ba00000)
  to   space 14336K, 0% used [0x0000000779e00000,0x0000000779e00000,0x000000077ac00000)
 ParOldGen       total 84992K, used 12981K [0x00000006c0000000, 0x00000006c5300000, 0x000000076ab00000)
  object space 84992K, 15% used [0x00000006c0000000,0x00000006c0cad6e8,0x00000006c5300000)
 Metaspace       used 25085K, capacity 26474K, committed 26752K, reserved 1073152K
  class space    used 3410K, capacity 3687K, committed 3712K, reserved 1048576K
Event: 25.290 GC heap after
Heap after GC invocations=8 (full 1):
 PSYoungGen      total 263168K, used 13137K [0x000000076ab00000, 0x0000000788e00000, 0x00000007c0000000)
  eden space 248832K, 0% used [0x000000076ab00000,0x000000076ab00000,0x0000000779e00000)
  from space 14336K, 91% used [0x0000000779e00000,0x000000077aad47e8,0x000000077ac00000)
  to   space 14848K, 0% used [0x0000000787f80000,0x0000000787f80000,0x0000000788e00000)
 ParOldGen       total 84992K, used 17073K [0x00000006c0000000, 0x00000006c5300000, 0x000000076ab00000)
  object space 84992K, 20% used [0x00000006c0000000,0x00000006c10ac438,0x00000006c5300000)
 Metaspace       used 25085K, capacity 26474K, committed 26752K, reserved 1073152K
  class space    used 3410K, capacity 3687K, committed 3712K, reserved 1048576K
}
Event: 38.426 GC heap before
{Heap before GC invocations=9 (full 1):
 PSYoungGen      total 263168K, used 261969K [0x000000076ab00000, 0x0000000788e00000, 0x00000007c0000000)
  eden space 248832K, 100% used [0x000000076ab00000,0x0000000779e00000,0x0000000779e00000)
  from space 14336K, 91% used [0x0000000779e00000,0x000000077aad47e8,0x000000077ac00000)
  to   space 14848K, 0% used [0x0000000787f80000,0x0000000787f80000,0x0000000788e00000)
 ParOldGen       total 84992K, used 17499K [0x00000006c0000000, 0x00000006c5300000, 0x000000076ab00000)
  object space 84992K, 20% used [0x00000006c0000000,0x00000006c1116ef8,0x00000006c5300000)
 Metaspace       used 25503K, capacity 26930K, committed 27008K, reserved 1073152K
  class space    used 3425K, capacity 3697K, committed 3712K, reserved 1048576K
Event: 38.437 GC heap after
Heap after GC invocations=9 (full 1):
 PSYoungGen      total 470016K, used 13432K [0x000000076ab00000, 0x0000000788d00000, 0x00000007c0000000)
  eden space 456192K, 0% used [0x000000076ab00000,0x000000076ab00000,0x0000000786880000)
  from space 13824K, 97% used [0x0000000787f80000,0x0000000788c9e0e0,0x0000000788d00000)
  to   space 15360K, 0% used [0x0000000786f00000,0x0000000786f00000,0x0000000787e00000)
 ParOldGen       total 84992K, used 17507K [0x00000006c0000000, 0x00000006c5300000, 0x000000076ab00000)
  object space 84992K, 20% used [0x00000006c0000000,0x00000006c1118ef8,0x00000006c5300000)
 Metaspace       used 25503K, capacity 26930K, committed 27008K, reserved 1073152K
  class space    used 3425K, capacity 3697K, committed 3712K, reserved 1048576K
}

